2025-12-26 12:07:42 [ERROR] MainProcess root: Genet module not found. Please ensure it is installed.
2025-12-26 12:07:42 [ERROR] Process-2 root: Genet module not found. Please ensure it is installed.
2025-12-26 12:07:42 [ERROR] Process-1 root: Genet module not found. Please ensure it is installed.
2025-12-26 12:10:22 [ERROR] MainProcess root: Genet module not found. Please ensure it is installed.
2025-12-26 12:10:35 [ERROR] MainProcess root: Genet module not found. Please ensure it is installed.
2025-12-26 12:10:35 [ERROR] Process-1 root: Genet module not found. Please ensure it is installed.
2025-12-26 12:10:35 [ERROR] Process-2 root: Genet module not found. Please ensure it is installed.
